<?xml version="1.0" encoding="UTF-8"?>
<testsuite xmlns:xsi="http://www.w3.org/2001/XMLSchema-instance" xsi:noNamespaceSchemaLocation="https://maven.apache.org/surefire/maven-surefire-plugin/xsd/surefire-test-report.xsd" name="il.cshaifasweng.server.AppTest" time="0.124" tests="1" errors="0" skipped="0" failures="0">
  <properties>
    <property name="java.specification.version" value="23"/>
    <property name="sun.cpu.isalist" value="amd64"/>
    <property name="sun.jnu.encoding" value="Cp1255"/>
    <property name="java.class.path" value="C:\prototype-team9ToCheck\server\target\test-classes;C:\prototype-team9ToCheck\server\target\classes;C:\Users\SHIR MAY RAPAPORT\.m2\repository\junit\junit\4.13.1\junit-4.13.1.jar;C:\Users\SHIR MAY RAPAPORT\.m2\repository\org\hamcrest\hamcrest-core\1.3\hamcrest-core-1.3.jar;C:\Users\SHIR MAY RAPAPORT\.m2\repository\il\cshaifasweng\OCSFMediatorExample\entities\0.0.1-SNAPSHOT\entities-0.0.1-SNAPSHOT.jar;"/>
    <property name="java.vm.vendor" value="Oracle Corporation"/>
    <property name="sun.arch.data.model" value="64"/>
    <property name="user.variant" value=""/>
    <property name="java.vendor.url" value="https://java.oracle.com/"/>
    <property name="user.timezone" value="Asia/Jerusalem"/>
    <property name="os.name" value="Windows 11"/>
    <property name="java.vm.specification.version" value="23"/>
    <property name="sun.java.launcher" value="SUN_STANDARD"/>
    <property name="user.country" value="US"/>
    <property name="sun.boot.library.path" value="C:\Users\SHIR MAY RAPAPORT\.jdks\openjdk-23.0.1\bin"/>
    <property name="sun.java.command" value="C:\Users\SHIRMA~1\AppData\Local\Temp\surefire8725273809409821946\surefirebooter14413045154007617865.jar C:\Users\SHIR MAY RAPAPORT\AppData\Local\Temp\surefire8725273809409821946 2025-01-04T12-09-06_034-jvmRun1 surefire9524718675393232005tmp surefire_03309224755414993505tmp"/>
    <property name="jdk.debug" value="release"/>
    <property name="surefire.test.class.path" value="C:\prototype-team9ToCheck\server\target\test-classes;C:\prototype-team9ToCheck\server\target\classes;C:\Users\SHIR MAY RAPAPORT\.m2\repository\junit\junit\4.13.1\junit-4.13.1.jar;C:\Users\SHIR MAY RAPAPORT\.m2\repository\org\hamcrest\hamcrest-core\1.3\hamcrest-core-1.3.jar;C:\Users\SHIR MAY RAPAPORT\.m2\repository\il\cshaifasweng\OCSFMediatorExample\entities\0.0.1-SNAPSHOT\entities-0.0.1-SNAPSHOT.jar;"/>
    <property name="sun.cpu.endian" value="little"/>
    <property name="user.home" value="C:\Users\SHIR MAY RAPAPORT"/>
    <property name="user.language" value="en"/>
    <property name="java.specification.vendor" value="Oracle Corporation"/>
    <property name="java.version.date" value="2024-10-15"/>
    <property name="java.home" value="C:\Users\SHIR MAY RAPAPORT\.jdks\openjdk-23.0.1"/>
    <property name="file.separator" value="\"/>
    <property name="basedir" value="C:\prototype-team9ToCheck\server"/>
    <property name="java.vm.compressedOopsMode" value="Zero based"/>
    <property name="line.separator" value="&#10;"/>
    <property name="java.vm.specification.vendor" value="Oracle Corporation"/>
    <property name="java.specification.name" value="Java Platform API Specification"/>
    <property name="surefire.real.class.path" value="C:\Users\SHIRMA~1\AppData\Local\Temp\surefire8725273809409821946\surefirebooter14413045154007617865.jar"/>
    <property name="user.script" value=""/>
    <property name="sun.management.compiler" value="HotSpot 64-Bit Tiered Compilers"/>
    <property name="java.runtime.version" value="23.0.1+11-39"/>
    <property name="user.name" value="SHIR MAY RAPAPORT"/>
    <property name="stdout.encoding" value="Cp1255"/>
    <property name="path.separator" value=";"/>
    <property name="os.version" value="10.0"/>
    <property name="java.runtime.name" value="OpenJDK Runtime Environment"/>
    <property name="file.encoding" value="UTF-8"/>
    <property name="java.vm.name" value="OpenJDK 64-Bit Server VM"/>
    <property name="localRepository" value="C:\Users\SHIR MAY RAPAPORT\.m2\repository"/>
    <property name="java.vendor.url.bug" value="https://bugreport.java.com/bugreport/"/>
    <property name="java.io.tmpdir" value="C:\Users\SHIRMA~1\AppData\Local\Temp\"/>
    <property name="idea.version" value="2024.3"/>
    <property name="java.version" value="23.0.1"/>
    <property name="user.dir" value="C:\prototype-team9ToCheck\server"/>
    <property name="os.arch" value="amd64"/>
    <property name="java.vm.specification.name" value="Java Virtual Machine Specification"/>
    <property name="sun.os.patch.level" value=""/>
    <property name="native.encoding" value="Cp1255"/>
    <property name="java.library.path" value="C:\Users\SHIR MAY RAPAPORT\.jdks\openjdk-23.0.1\bin;C:\WINDOWS\Sun\Java\bin;C:\WINDOWS\system32;C:\WINDOWS;C:\Program Files\Eclipse Adoptium\jdk-21.0.5.11-hotspot\bin;C:\Python312\Scripts\;C:\Python312\;C:\Program Files (x86)\VMware\VMware Player\bin\;C:\windows\system32;C:\windows;C:\windows\System32\Wbem;C:\windows\System32\WindowsPowerShell\v1.0\;C:\windows\System32\OpenSSH\;C:\Program Files (x86)\NVIDIA Corporation\PhysX\Common;C:\Program Files\NVIDIA Corporation\NVIDIA NvDLISR;C:\WINDOWS\system32;C:\WINDOWS;C:\WINDOWS\System32\Wbem;C:\WINDOWS\System32\WindowsPowerShell\v1.0\;C:\WINDOWS\System32\OpenSSH\;C:\Program Files\nodejs\;C:\ProgramData\chocolatey\bin;C:\Program Files\Git\cmd;C:\Program Files\Eclipse Adoptium\jdk-21.0.5.11-hotspot\bin;C:\Users\SHIR MAY RAPAPORT\.jdks\corretto-17.0.13\bin;C:\Program Files\JetBrains\IntelliJ IDEA Community Edition 2019.2.4\plugins\maven\lib\maven3\bin;C:\Users\SHIR MAY RAPAPORT\Desktop\apache-maven-3.9.9-bin\apache-maven-3.9.9\bin;C:\Users\SHIR MAY RAPAPORT\Desktop\apache-maven-3.9.9-bin\apache-maven-3.9.9\bin;C:\Users\SHIR MAY RAPAPORT\AppData\Local\Microsoft\WindowsApps;C:\Program Files\JetBrains\IntelliJ IDEA Community Edition 2019.2.4\bin;;C:\Program Files\JetBrains\CLion 2021.1\bin;;C:\Users\SHIR MAY RAPAPORT\AppData\Local\Programs\Microsoft VS Code\bin;C:\Users\SHIR MAY RAPAPORT\Downloads\ffmpeg\bin;C:\Users\SHIR MAY RAPAPORT\AppData\Roaming\npm;."/>
    <property name="java.vm.info" value="mixed mode, sharing"/>
    <property name="stderr.encoding" value="Cp1255"/>
    <property name="java.vendor" value="Oracle Corporation"/>
    <property name="java.vm.version" value="23.0.1+11-39"/>
    <property name="sun.io.unicode.encoding" value="UnicodeLittle"/>
    <property name="java.class.version" value="67.0"/>
  </properties>
  <testcase name="shouldAnswerWithTrue" classname="il.cshaifasweng.server.AppTest" time="0.005"/>
</testsuite>